<?xml version="1.0" encoding="UTF-8"?>
<testng-results ignored="0" total="1" passed="1" failed="0" skipped="0">
  <reporter-output>
  </reporter-output>
  <suite started-at="2024-07-17T19:30:50 IST" name="Default suite" finished-at="2024-07-17T19:30:56 IST" duration-ms="5347">
    <groups>
    </groups>
    <test started-at="2024-07-17T19:30:50 IST" name="Default test" finished-at="2024-07-17T19:30:56 IST" duration-ms="5347">
      <class name="Com.Wipro.APIFrameWork.Task3LibraryAPI">
        <test-method signature="AddJsonFileTest()[pri:0, instance:Com.Wipro.APIFrameWork.Task3LibraryAPI@3cebbb30]" started-at="2024-07-17T19:30:50 IST" name="AddJsonFileTest" finished-at="2024-07-17T19:30:56 IST" duration-ms="5229" status="PASS">
          <reporter-output>
          </reporter-output>
        </test-method> <!-- AddJsonFileTest -->
      </class> <!-- Com.Wipro.APIFrameWork.Task3LibraryAPI -->
    </test> <!-- Default test -->
  </suite> <!-- Default suite -->
</testng-results>
