<?xml version="1.0" encoding="UTF-8"?>
<testng-results ignored="0" total="1" passed="1" failed="0" skipped="0">
  <reporter-output>
  </reporter-output>
  <suite started-at="2024-07-30T10:43:30 IST" name="Default suite" finished-at="2024-07-30T10:43:33 IST" duration-ms="2308">
    <groups>
    </groups>
    <test started-at="2024-07-30T10:43:30 IST" name="Default test" finished-at="2024-07-30T10:43:33 IST" duration-ms="2308">
      <class name="Com.Wipro.APIFrameWork.SumUsingTestNG">
        <test-method signature="sum()[pri:0, instance:Com.Wipro.APIFrameWork.SumUsingTestNG@3a44431a]" started-at="2024-07-30T10:43:30 IST" name="sum" finished-at="2024-07-30T10:43:33 IST" duration-ms="2233" status="PASS">
          <reporter-output>
          </reporter-output>
        </test-method> <!-- sum -->
      </class> <!-- Com.Wipro.APIFrameWork.SumUsingTestNG -->
    </test> <!-- Default test -->
  </suite> <!-- Default suite -->
</testng-results>
